2019-05-15 17:24:32.177  INFO [main] (io.mycat.backend.datasource.PhysicalDBPool.<init>(PhysicalDBPool.java:100)) - total resouces of dataHost localhost2 is :1
2019-05-15 17:24:32.177  INFO [main] (io.mycat.backend.datasource.PhysicalDBPool.<init>(PhysicalDBPool.java:100)) - total resouces of dataHost localhost1 is :1
2019-05-15 17:24:32.188  INFO [main] (io.mycat.cache.CacheService.createLayeredPool(CacheService.java:125)) - create layer cache pool TableID2DataNodeCache of type encache ,default cache size 10000 ,default expire seconds18000
2019-05-15 17:24:32.191  INFO [main] (io.mycat.cache.DefaultLayedCachePool.createChildCache(DefaultLayedCachePool.java:80)) - create child Cache: TESTDB_ORDERS for layered cache TableID2DataNodeCache, size 50000, expire seconds 18000
2019-05-15 17:24:32.462  INFO [main] (io.mycat.config.classloader.DynaClassLoader.<init>(DynaClassLoader.java:34)) - dyna class load from D:\mycat\catlet,and auto check for class file modified every 60 seconds
2019-05-15 17:24:32.462  INFO [main] (io.mycat.MycatServer.startup(MycatServer.java:266)) - ===============================================
2019-05-15 17:24:32.462  INFO [main] (io.mycat.MycatServer.startup(MycatServer.java:267)) - MyCat is ready to startup ...
2019-05-15 17:24:32.462  INFO [main] (io.mycat.MycatServer.startup(MycatServer.java:279)) - Startup processors ...,total processors:4,aio thread pool size:8    
 each process allocated socket buffer pool  bytes ,a page size:2097152  a page's chunk number(PageSize/ChunkSize) is:512  buffer page's number is:80
2019-05-15 17:24:32.462  INFO [main] (io.mycat.MycatServer.startup(MycatServer.java:280)) - sysconfig params:SystemConfig [processorBufferLocalPercent=100, frontSocketSoRcvbuf=1048576, frontSocketSoSndbuf=4194304, backSocketSoRcvbuf=4194304, backSocketSoSndbuf=1048576, frontSocketNoDelay=1, backSocketNoDelay=1, maxStringLiteralLength=65535, frontWriteQueueSize=2048, bindIp=0.0.0.0, serverPort=8066, managerPort=9066, charset=utf8, processors=4, processorExecutor=8, timerExecutor=2, managerExecutor=2, idleTimeout=1800000, catletClassCheckSeconds=60, sqlExecuteTimeout=300, processorCheckPeriod=1000, dataNodeIdleCheckPeriod=300000, dataNodeHeartbeatPeriod=10000, clusterHeartbeatUser=_HEARTBEAT_USER_, clusterHeartbeatPass=_HEARTBEAT_PASS_, clusterHeartbeatPeriod=5000, clusterHeartbeatTimeout=10000, clusterHeartbeatRetry=10, txIsolation=3, parserCommentVersion=50148, sqlRecordCount=10, bufferPoolPageSize=2097152, bufferPoolChunkSize=4096, bufferPoolPageNumber=80, maxResultSet=524288, bigResultSizeSqlCount=10, bufferUsagePercent=80, flowControlRejectStrategy=0, clearBigSqLResultSetMapMs=600000, defaultMaxLimit=100, sequnceHandlerType=2, sqlInterceptor=io.mycat.server.interceptor.impl.DefaultSqlInterceptor, sqlInterceptorType=select, sqlInterceptorFile=D:\mycat\bin/logs/sql.txt, mutiNodeLimitType=0, mutiNodePatchSize=100, defaultSqlParser=druidparser, usingAIO=0, packetHeaderSize=4, maxPacketSize=16777216, mycatNodeId=1]
2019-05-15 17:24:32.527  INFO [main] (io.mycat.memory.MyCatMemory.<init>(MyCatMemory.java:53)) - useOffHeapForMerge = 1
2019-05-15 17:24:32.528  INFO [main] (io.mycat.memory.MyCatMemory.<init>(MyCatMemory.java:54)) - memoryPageSize = 1m
2019-05-15 17:24:32.528  INFO [main] (io.mycat.memory.MyCatMemory.<init>(MyCatMemory.java:55)) - spillsFileBufferSize = 1k
2019-05-15 17:24:32.528  INFO [main] (io.mycat.memory.MyCatMemory.<init>(MyCatMemory.java:56)) - useStreamOutput = 0
2019-05-15 17:24:32.528  INFO [main] (io.mycat.memory.MyCatMemory.<init>(MyCatMemory.java:57)) - systemReserveMemorySize = 384m
2019-05-15 17:24:32.541  INFO [main] (io.mycat.memory.MyCatMemory.<init>(MyCatMemory.java:58)) - totalNetWorkBufferSize = 160MB
2019-05-15 17:24:32.541  INFO [main] (io.mycat.memory.MyCatMemory.<init>(MyCatMemory.java:59)) - dataNodeSortedTempDir = D:\mycat\bin
2019-05-15 17:24:32.544  INFO [main] (io.mycat.memory.MyCatMemory.<init>(MyCatMemory.java:122)) - mycat.memory.offHeap.size: 492MB
2019-05-15 17:24:32.552  INFO [main] (io.mycat.MycatServer.startup(MycatServer.java:381)) - using nio network handler 
2019-05-15 17:24:32.615  INFO [main] (io.mycat.MycatServer.startup(MycatServer.java:397)) - $_MyCatManager is started and listening on 9066
2019-05-15 17:24:32.615  INFO [main] (io.mycat.MycatServer.startup(MycatServer.java:401)) - $_MyCatServer is started and listening on 8066
2019-05-15 17:24:32.615  INFO [main] (io.mycat.MycatServer.startup(MycatServer.java:403)) - ===============================================
2019-05-15 17:24:32.615  INFO [main] (io.mycat.MycatServer.startup(MycatServer.java:407)) - Initialize dataHost ...
2019-05-15 17:24:32.616  INFO [main] (io.mycat.backend.datasource.PhysicalDBPool.initSource(PhysicalDBPool.java:294)) - init backend myqsl source ,create connections total 10 for hostM2 index :0
2019-05-15 17:24:32.617  INFO [main] (io.mycat.backend.datasource.PhysicalDatasource.getConnection(PhysicalDatasource.java:413)) - no ilde connection in pool,create new connection for hostM2 of schema oauth-server
2019-05-15 17:24:32.618  INFO [main] (io.mycat.backend.datasource.PhysicalDatasource.getConnection(PhysicalDatasource.java:413)) - no ilde connection in pool,create new connection for hostM2 of schema oauth-server
2019-05-15 17:24:32.618  INFO [main] (io.mycat.backend.datasource.PhysicalDatasource.getConnection(PhysicalDatasource.java:413)) - no ilde connection in pool,create new connection for hostM2 of schema oauth-server
2019-05-15 17:24:32.618  INFO [main] (io.mycat.backend.datasource.PhysicalDatasource.getConnection(PhysicalDatasource.java:413)) - no ilde connection in pool,create new connection for hostM2 of schema oauth-server
2019-05-15 17:24:32.618  INFO [main] (io.mycat.backend.datasource.PhysicalDatasource.getConnection(PhysicalDatasource.java:413)) - no ilde connection in pool,create new connection for hostM2 of schema oauth-server
2019-05-15 17:24:32.618  INFO [main] (io.mycat.backend.datasource.PhysicalDatasource.getConnection(PhysicalDatasource.java:413)) - no ilde connection in pool,create new connection for hostM2 of schema oauth-server
2019-05-15 17:24:32.619  INFO [main] (io.mycat.backend.datasource.PhysicalDatasource.getConnection(PhysicalDatasource.java:413)) - no ilde connection in pool,create new connection for hostM2 of schema oauth-server
2019-05-15 17:24:32.619  INFO [main] (io.mycat.backend.datasource.PhysicalDatasource.getConnection(PhysicalDatasource.java:413)) - no ilde connection in pool,create new connection for hostM2 of schema oauth-server
2019-05-15 17:24:32.619  INFO [main] (io.mycat.backend.datasource.PhysicalDatasource.getConnection(PhysicalDatasource.java:413)) - no ilde connection in pool,create new connection for hostM2 of schema oauth-server
2019-05-15 17:24:32.619  INFO [main] (io.mycat.backend.datasource.PhysicalDatasource.getConnection(PhysicalDatasource.java:413)) - no ilde connection in pool,create new connection for hostM2 of schema oauth-server
2019-05-15 17:24:32.732  INFO [$_NIOREACTOR-2-RW] (io.mycat.backend.mysql.nio.handler.GetConnectionHandler.connectionAcquired(GetConnectionHandler.java:67)) - connected successfuly MySQLConnection [id=2, lastTime=1557912272732, user=root, schema=oauth-server, old shema=oauth-server, borrowed=true, fromSlaveDB=false, threadId=659, charset=utf8, txIsolation=3, autocommit=true, attachment=null, respHandler=null, host=localhost, port=3306, statusSync=null, writeQueue=0, modifiedSQLExecuted=false]
2019-05-15 17:24:32.732  INFO [$_NIOREACTOR-2-RW] (io.mycat.backend.mysql.nio.handler.GetConnectionHandler.connectionAcquired(GetConnectionHandler.java:67)) - connected successfuly MySQLConnection [id=6, lastTime=1557912272732, user=root, schema=oauth-server, old shema=oauth-server, borrowed=true, fromSlaveDB=false, threadId=666, charset=utf8, txIsolation=3, autocommit=true, attachment=null, respHandler=null, host=localhost, port=3306, statusSync=null, writeQueue=0, modifiedSQLExecuted=false]
2019-05-15 17:24:32.732  INFO [$_NIOREACTOR-3-RW] (io.mycat.backend.mysql.nio.handler.GetConnectionHandler.connectionAcquired(GetConnectionHandler.java:67)) - connected successfuly MySQLConnection [id=3, lastTime=1557912272732, user=root, schema=oauth-server, old shema=oauth-server, borrowed=true, fromSlaveDB=false, threadId=661, charset=utf8, txIsolation=3, autocommit=true, attachment=null, respHandler=null, host=localhost, port=3306, statusSync=null, writeQueue=0, modifiedSQLExecuted=false]
2019-05-15 17:24:32.732  INFO [$_NIOREACTOR-2-RW] (io.mycat.backend.mysql.nio.handler.GetConnectionHandler.connectionAcquired(GetConnectionHandler.java:67)) - connected successfuly MySQLConnection [id=10, lastTime=1557912272732, user=root, schema=oauth-server, old shema=oauth-server, borrowed=true, fromSlaveDB=false, threadId=664, charset=utf8, txIsolation=3, autocommit=true, attachment=null, respHandler=null, host=localhost, port=3306, statusSync=null, writeQueue=0, modifiedSQLExecuted=false]
2019-05-15 17:24:32.732  INFO [$_NIOREACTOR-3-RW] (io.mycat.backend.mysql.nio.handler.GetConnectionHandler.connectionAcquired(GetConnectionHandler.java:67)) - connected successfuly MySQLConnection [id=7, lastTime=1557912272732, user=root, schema=oauth-server, old shema=oauth-server, borrowed=true, fromSlaveDB=false, threadId=667, charset=utf8, txIsolation=3, autocommit=true, attachment=null, respHandler=null, host=localhost, port=3306, statusSync=null, writeQueue=0, modifiedSQLExecuted=false]
2019-05-15 17:24:32.733  INFO [$_NIOREACTOR-0-RW] (io.mycat.backend.mysql.nio.handler.GetConnectionHandler.connectionAcquired(GetConnectionHandler.java:67)) - connected successfuly MySQLConnection [id=4, lastTime=1557912272733, user=root, schema=oauth-server, old shema=oauth-server, borrowed=true, fromSlaveDB=false, threadId=662, charset=utf8, txIsolation=3, autocommit=true, attachment=null, respHandler=null, host=localhost, port=3306, statusSync=null, writeQueue=0, modifiedSQLExecuted=false]
2019-05-15 17:24:32.733  INFO [$_NIOREACTOR-0-RW] (io.mycat.backend.mysql.nio.handler.GetConnectionHandler.connectionAcquired(GetConnectionHandler.java:67)) - connected successfuly MySQLConnection [id=8, lastTime=1557912272733, user=root, schema=oauth-server, old shema=oauth-server, borrowed=true, fromSlaveDB=false, threadId=658, charset=utf8, txIsolation=3, autocommit=true, attachment=null, respHandler=null, host=localhost, port=3306, statusSync=null, writeQueue=0, modifiedSQLExecuted=false]
2019-05-15 17:24:32.733  INFO [$_NIOREACTOR-1-RW] (io.mycat.backend.mysql.nio.handler.GetConnectionHandler.connectionAcquired(GetConnectionHandler.java:67)) - connected successfuly MySQLConnection [id=1, lastTime=1557912272733, user=root, schema=oauth-server, old shema=oauth-server, borrowed=true, fromSlaveDB=false, threadId=660, charset=utf8, txIsolation=3, autocommit=true, attachment=null, respHandler=null, host=localhost, port=3306, statusSync=null, writeQueue=0, modifiedSQLExecuted=false]
2019-05-15 17:24:32.734  INFO [$_NIOREACTOR-1-RW] (io.mycat.backend.mysql.nio.handler.GetConnectionHandler.connectionAcquired(GetConnectionHandler.java:67)) - connected successfuly MySQLConnection [id=5, lastTime=1557912272733, user=root, schema=oauth-server, old shema=oauth-server, borrowed=true, fromSlaveDB=false, threadId=665, charset=utf8, txIsolation=3, autocommit=true, attachment=null, respHandler=null, host=localhost, port=3306, statusSync=null, writeQueue=0, modifiedSQLExecuted=false]
2019-05-15 17:24:32.734  INFO [$_NIOREACTOR-1-RW] (io.mycat.backend.mysql.nio.handler.GetConnectionHandler.connectionAcquired(GetConnectionHandler.java:67)) - connected successfuly MySQLConnection [id=9, lastTime=1557912272734, user=root, schema=oauth-server, old shema=oauth-server, borrowed=true, fromSlaveDB=false, threadId=663, charset=utf8, txIsolation=3, autocommit=true, attachment=null, respHandler=null, host=localhost, port=3306, statusSync=null, writeQueue=0, modifiedSQLExecuted=false]
2019-05-15 17:24:32.819  INFO [main] (io.mycat.backend.datasource.PhysicalDBPool.initSource(PhysicalDBPool.java:319)) - init result :finished 10 success 10 target count:10
2019-05-15 17:24:32.819  INFO [main] (io.mycat.backend.datasource.PhysicalDBPool.init(PhysicalDBPool.java:265)) - localhost2 index:0 init success
2019-05-15 17:24:32.819  INFO [main] (io.mycat.backend.datasource.PhysicalDBPool.initSource(PhysicalDBPool.java:294)) - init backend myqsl source ,create connections total 10 for hostM1 index :0
2019-05-15 17:24:32.819  INFO [main] (io.mycat.backend.datasource.PhysicalDatasource.getConnection(PhysicalDatasource.java:413)) - no ilde connection in pool,create new connection for hostM1 of schema gateway
2019-05-15 17:24:32.820  INFO [main] (io.mycat.backend.datasource.PhysicalDatasource.getConnection(PhysicalDatasource.java:413)) - no ilde connection in pool,create new connection for hostM1 of schema gateway
2019-05-15 17:24:32.820  INFO [main] (io.mycat.backend.datasource.PhysicalDatasource.getConnection(PhysicalDatasource.java:413)) - no ilde connection in pool,create new connection for hostM1 of schema gateway
2019-05-15 17:24:32.820  INFO [main] (io.mycat.backend.datasource.PhysicalDatasource.getConnection(PhysicalDatasource.java:413)) - no ilde connection in pool,create new connection for hostM1 of schema gateway
2019-05-15 17:24:32.821  INFO [main] (io.mycat.backend.datasource.PhysicalDatasource.getConnection(PhysicalDatasource.java:413)) - no ilde connection in pool,create new connection for hostM1 of schema gateway
2019-05-15 17:24:32.823  INFO [main] (io.mycat.backend.datasource.PhysicalDatasource.getConnection(PhysicalDatasource.java:413)) - no ilde connection in pool,create new connection for hostM1 of schema gateway
2019-05-15 17:24:32.824  INFO [main] (io.mycat.backend.datasource.PhysicalDatasource.getConnection(PhysicalDatasource.java:413)) - no ilde connection in pool,create new connection for hostM1 of schema gateway
2019-05-15 17:24:32.824  INFO [main] (io.mycat.backend.datasource.PhysicalDatasource.getConnection(PhysicalDatasource.java:413)) - no ilde connection in pool,create new connection for hostM1 of schema gateway
2019-05-15 17:24:32.825  INFO [main] (io.mycat.backend.datasource.PhysicalDatasource.getConnection(PhysicalDatasource.java:413)) - no ilde connection in pool,create new connection for hostM1 of schema gateway
2019-05-15 17:24:32.826  INFO [main] (io.mycat.backend.datasource.PhysicalDatasource.getConnection(PhysicalDatasource.java:413)) - no ilde connection in pool,create new connection for hostM1 of schema gateway
2019-05-15 17:24:32.832  INFO [$_NIOREACTOR-3-RW] (io.mycat.backend.mysql.nio.handler.GetConnectionHandler.connectionAcquired(GetConnectionHandler.java:67)) - connected successfuly MySQLConnection [id=11, lastTime=1557912272832, user=root, schema=gateway, old shema=gateway, borrowed=true, fromSlaveDB=false, threadId=668, charset=utf8, txIsolation=3, autocommit=true, attachment=null, respHandler=null, host=localhost, port=3306, statusSync=null, writeQueue=0, modifiedSQLExecuted=false]
2019-05-15 17:24:32.836  INFO [$_NIOREACTOR-1-RW] (io.mycat.backend.mysql.nio.handler.GetConnectionHandler.connectionAcquired(GetConnectionHandler.java:67)) - connected successfuly MySQLConnection [id=17, lastTime=1557912272836, user=root, schema=gateway, old shema=gateway, borrowed=true, fromSlaveDB=false, threadId=669, charset=utf8, txIsolation=3, autocommit=true, attachment=null, respHandler=null, host=localhost, port=3306, statusSync=null, writeQueue=0, modifiedSQLExecuted=false]
2019-05-15 17:24:32.838  INFO [$_NIOREACTOR-0-RW] (io.mycat.backend.mysql.nio.handler.GetConnectionHandler.connectionAcquired(GetConnectionHandler.java:67)) - connected successfuly MySQLConnection [id=16, lastTime=1557912272838, user=root, schema=gateway, old shema=gateway, borrowed=true, fromSlaveDB=false, threadId=670, charset=utf8, txIsolation=3, autocommit=true, attachment=null, respHandler=null, host=localhost, port=3306, statusSync=null, writeQueue=0, modifiedSQLExecuted=false]
2019-05-15 17:24:32.838  INFO [$_NIOREACTOR-0-RW] (io.mycat.backend.mysql.nio.handler.GetConnectionHandler.connectionAcquired(GetConnectionHandler.java:67)) - connected successfuly MySQLConnection [id=12, lastTime=1557912272838, user=root, schema=gateway, old shema=gateway, borrowed=true, fromSlaveDB=false, threadId=671, charset=utf8, txIsolation=3, autocommit=true, attachment=null, respHandler=null, host=localhost, port=3306, statusSync=null, writeQueue=0, modifiedSQLExecuted=false]
2019-05-15 17:24:32.840  INFO [$_NIOREACTOR-2-RW] (io.mycat.backend.mysql.nio.handler.GetConnectionHandler.connectionAcquired(GetConnectionHandler.java:67)) - connected successfuly MySQLConnection [id=14, lastTime=1557912272840, user=root, schema=gateway, old shema=gateway, borrowed=true, fromSlaveDB=false, threadId=672, charset=utf8, txIsolation=3, autocommit=true, attachment=null, respHandler=null, host=localhost, port=3306, statusSync=null, writeQueue=0, modifiedSQLExecuted=false]
2019-05-15 17:24:32.840  INFO [$_NIOREACTOR-3-RW] (io.mycat.backend.mysql.nio.handler.GetConnectionHandler.connectionAcquired(GetConnectionHandler.java:67)) - connected successfuly MySQLConnection [id=15, lastTime=1557912272840, user=root, schema=gateway, old shema=gateway, borrowed=true, fromSlaveDB=false, threadId=673, charset=utf8, txIsolation=3, autocommit=true, attachment=null, respHandler=null, host=localhost, port=3306, statusSync=null, writeQueue=0, modifiedSQLExecuted=false]
2019-05-15 17:24:32.841  INFO [$_NIOREACTOR-2-RW] (io.mycat.backend.mysql.nio.handler.GetConnectionHandler.connectionAcquired(GetConnectionHandler.java:67)) - connected successfuly MySQLConnection [id=18, lastTime=1557912272841, user=root, schema=gateway, old shema=gateway, borrowed=true, fromSlaveDB=false, threadId=674, charset=utf8, txIsolation=3, autocommit=true, attachment=null, respHandler=null, host=localhost, port=3306, statusSync=null, writeQueue=0, modifiedSQLExecuted=false]
2019-05-15 17:24:32.841  INFO [$_NIOREACTOR-1-RW] (io.mycat.backend.mysql.nio.handler.GetConnectionHandler.connectionAcquired(GetConnectionHandler.java:67)) - connected successfuly MySQLConnection [id=13, lastTime=1557912272841, user=root, schema=gateway, old shema=gateway, borrowed=true, fromSlaveDB=false, threadId=675, charset=utf8, txIsolation=3, autocommit=true, attachment=null, respHandler=null, host=localhost, port=3306, statusSync=null, writeQueue=0, modifiedSQLExecuted=false]
2019-05-15 17:24:32.843  INFO [$_NIOREACTOR-3-RW] (io.mycat.backend.mysql.nio.handler.GetConnectionHandler.connectionAcquired(GetConnectionHandler.java:67)) - connected successfuly MySQLConnection [id=19, lastTime=1557912272843, user=root, schema=gateway, old shema=gateway, borrowed=true, fromSlaveDB=false, threadId=677, charset=utf8, txIsolation=3, autocommit=true, attachment=null, respHandler=null, host=localhost, port=3306, statusSync=null, writeQueue=0, modifiedSQLExecuted=false]
2019-05-15 17:24:32.843  INFO [$_NIOREACTOR-0-RW] (io.mycat.backend.mysql.nio.handler.GetConnectionHandler.connectionAcquired(GetConnectionHandler.java:67)) - connected successfuly MySQLConnection [id=20, lastTime=1557912272843, user=root, schema=gateway, old shema=gateway, borrowed=true, fromSlaveDB=false, threadId=676, charset=utf8, txIsolation=3, autocommit=true, attachment=null, respHandler=null, host=localhost, port=3306, statusSync=null, writeQueue=0, modifiedSQLExecuted=false]
2019-05-15 17:24:32.927  INFO [main] (io.mycat.backend.datasource.PhysicalDBPool.initSource(PhysicalDBPool.java:319)) - init result :finished 10 success 10 target count:10
2019-05-15 17:24:32.927  INFO [main] (io.mycat.backend.datasource.PhysicalDBPool.init(PhysicalDBPool.java:265)) - localhost1 index:0 init success
2019-05-15 17:24:45.907  INFO [$_NIOREACTOR-1-RW] (io.mycat.net.handler.FrontendAuthenticator.success(FrontendAuthenticator.java:194)) - ServerConnection [id=1, schema=RUN-TEST, host=127.0.0.1, user=root,txIsolation=3, autocommit=true, schema=RUN-TEST]'root' login success
2019-05-15 17:24:45.997  INFO [Thread-1] (io.mycat.cache.DefaultLayedCachePool.createChildCache(DefaultLayedCachePool.java:80)) - create child Cache: RUN-TEST_USER for layered cache TableID2DataNodeCache, size 10000, expire seconds 18000
